<?xml version="1.0" encoding="UTF-8"?>
<!-- Generated by org.testng.reporters.JUnitReportReporter -->
<testsuite hostname="LAPTOP-KIOIC8K9" failures="0" tests="1" name="com.runnermaterials.LoginPage" time="4.877" errors="0" timestamp="2024-11-22T12:02:27 IST" skipped="0">
  <testcase classname="com.runnermaterials.LoginPage" name="validLoginTest" time="4.877"/>
  <system-out/>
</testsuite> <!-- com.runnermaterials.LoginPage -->
