<?xml version="1.0" encoding="UTF-8"?>
<!-- Generated by org.testng.reporters.JUnitReportReporter -->
<testsuite hostname="LAPTOP-KIOIC8K9" failures="0" tests="4" name="com.runnermaterials.DataProviderTest" time="29.425" errors="0" timestamp="2024-11-21T20:45:51 IST" skipped="0">
  <testcase classname="com.runnermaterials.DataProviderTest" name="login" time="8.692"/>
  <system-out/>
  <testcase classname="com.runnermaterials.DataProviderTest" name="login" time="7.324"/>
  <system-out/>
  <testcase classname="com.runnermaterials.DataProviderTest" name="login" time="6.230"/>
  <system-out/>
  <testcase classname="com.runnermaterials.DataProviderTest" name="login" time="7.179"/>
  <system-out/>
</testsuite> <!-- com.runnermaterials.DataProviderTest -->
