<?xml version="1.0" encoding="UTF-8"?>
<!-- Generated by org.testng.reporters.JUnitReportReporter -->
<testsuite hostname="LAPTOP-KIOIC8K9" failures="0" tests="7" name="com.runnermaterials.LoginPageRunner" time="17.289" errors="0" timestamp="2024-11-21T20:34:42 IST" skipped="0">
  <testcase classname="com.runnermaterials.LoginPageRunner" name="departmentOnlyTest" time="1.893"/>
  <system-out/>
  <testcase classname="com.runnermaterials.LoginPageRunner" name="invaildPasswordTest" time="2.108"/>
  <system-out/>
  <testcase classname="com.runnermaterials.LoginPageRunner" name="withoutAnyDataTest" time="0.913"/>
  <system-out/>
  <testcase classname="com.runnermaterials.LoginPageRunner" name="invaildDepartmentTest" time="0.931"/>
  <system-out/>
  <testcase classname="com.runnermaterials.LoginPageRunner" name="invaildPasswordTest" time="5.788"/>
  <system-out/>
  <testcase classname="com.runnermaterials.LoginPageRunner" name="invaildPasswordTest" time="2.018"/>
  <system-out/>
  <testcase classname="com.runnermaterials.LoginPageRunner" name="validLoginTest" time="3.638"/>
  <system-out/>
</testsuite> <!-- com.runnermaterials.LoginPageRunner -->
